2021-06-28 00:16:12,921 [1] DEBUG - =================Monday, 28 June 2021 00:16:12========================
2021-06-28 00:16:12,952 [1] DEBUG - STARTED....
2021-06-28 00:16:21,932 [1] DEBUG - 27-Ramanathapuram
2021-06-28 00:16:27,872 [1] DEBUG - 11-RAMANATHAPURAM
2021-06-28 00:16:29,694 [1] DEBUG - 22-ACHUNTHANVAYAL
2021-06-28 00:16:41,543 [1] DEBUG - READ DATA FROM PDF FILE - F:\AUTO-ADANGAL\Achunthavayal\Chitta_Report-1.pdf
2021-06-28 00:16:47,417 [1] DEBUG - READED DATA FROM EXISTING JSON FILE
2021-06-28 00:16:54,735 [1] DEBUG - LOADING Survey and subdiv no.
2021-06-28 00:17:00,516 [1] DEBUG - GETTING LAND COUNT
2021-06-28 00:17:00,703 [1] DEBUG - LOADING Survey and subdiv no.
2021-06-28 00:17:00,883 [1] DEBUG - ready: False STATUS: ADD:315
NAME ISSUE :154

2021-06-28 00:29:14,729 [1] DEBUG - =================Monday, 28 June 2021 00:29:14========================
2021-06-28 00:29:14,791 [1] DEBUG - STARTED....
2021-06-28 00:29:19,426 [1] DEBUG - 27-Ramanathapuram
2021-06-28 00:29:25,601 [1] DEBUG - 11-RAMANATHAPURAM
2021-06-28 00:29:27,377 [1] DEBUG - 22-ACHUNTHANVAYAL
2021-06-28 00:29:37,416 [1] DEBUG - READ DATA FROM PDF FILE - F:\AUTO-ADANGAL\Achunthavayal\Chitta_Report-1.pdf
2021-06-28 00:29:43,384 [1] DEBUG - READED DATA FROM EXISTING JSON FILE
2021-06-28 00:29:50,711 [1] DEBUG - LOADING Survey and subdiv no.
2021-06-28 00:29:53,279 [1] DEBUG - GETTING LAND COUNT
2021-06-28 00:29:53,372 [1] DEBUG - LOADING Survey and subdiv no.
2021-06-28 00:29:53,510 [1] DEBUG - ready: False STATUS: ADD:315
NAME ISSUE :154

2021-06-28 00:32:24,685 [1] DEBUG - GETTING LAND COUNT
2021-06-28 00:32:24,716 [1] DEBUG - LOADING Survey and subdiv no.
2021-06-28 00:32:24,744 [1] DEBUG - ready: False STATUS: ADD:2005

2021-06-28 00:37:42,401 [1] DEBUG - =================Monday, 28 June 2021 00:37:42========================
2021-06-28 00:37:42,416 [1] DEBUG - STARTED....
2021-06-28 00:37:48,674 [1] DEBUG - 27-Ramanathapuram
2021-06-28 00:37:56,252 [1] DEBUG - 11-RAMANATHAPURAM
2021-06-28 00:37:58,502 [1] DEBUG - 22-ACHUNTHANVAYAL
2021-06-28 00:38:11,353 [1] DEBUG - READ DATA FROM PDF FILE - F:\AUTO-ADANGAL\Achunthavayal\Chitta_Report-1.pdf
2021-06-28 00:38:17,322 [1] DEBUG - Error @ button3_Click
2021-06-28 00:39:39,868 [1] DEBUG - READ DATA FROM PDF FILE - F:\AUTO-ADANGAL\Achunthavayal\Chitta_Report-1.pdf
2021-06-28 00:39:44,609 [1] DEBUG - Error @ button3_Click
2021-06-28 00:40:35,727 [1] DEBUG - READING DATA FROM CHITTA PDF fILE - F:\AUTO-ADANGAL\Achunthavayal\Chitta_Report-1.pdf
2021-06-28 00:40:35,743 [1] DEBUG - STARTED PATTA NO FROM PDF via CHITTA PDF FILE @ 12:40:35 AM
2021-06-28 00:40:35,961 [1] DEBUG - READING DATA FROM CHITTA PDF fILE - F:\AUTO-ADANGAL\Achunthavayal\Chitta_Report-1.pdf
2021-06-28 00:40:37,262 [1] DEBUG - STARTED PROCESSING CHITTA PDF FILE @ 12:40:37 AM
2021-06-28 00:40:41,324 [1] DEBUG - COMPLETED PROCESSING CHITTA PDF FILE @ 12:40:41 AM
2021-06-28 00:40:41,574 [1] DEBUG - STARTED PROCESSING AREG PDF FILE @ 12:40:41 AM
2021-06-28 00:40:43,621 [1] DEBUG - COMPLETED PROCESSING AREG PDF FILE @ 12:40:43 AM
2021-06-28 00:40:43,855 [1] DEBUG - STARTED FULL REPORT
2021-06-28 00:41:12,890 [1] DEBUG - COMPLETED FULL REPORT
2021-06-28 00:41:12,968 [1] DEBUG - LOADING Survey and subdiv no.
2021-06-28 00:41:16,369 [1] DEBUG - GETTING LAND COUNT
2021-06-28 00:41:16,509 [1] DEBUG - LOADING Survey and subdiv no.
2021-06-28 00:41:16,583 [1] DEBUG - ready: False STATUS: ADD:315
DELETE:87
NAME ISSUE :155

2021-06-28 00:41:27,289 [1] DEBUG - set delete flag to 87 land
2021-06-28 00:41:39,194 [1] DEBUG - GETTING LAND COUNT
2021-06-28 00:41:39,257 [1] DEBUG - LOADING Survey and subdiv no.
2021-06-28 00:41:39,341 [1] DEBUG - ready: False STATUS: ADD:315
NAME ISSUE :154

2021-06-28 00:51:44,658 [1] DEBUG - GETTING LAND COUNT
2021-06-28 00:51:44,705 [1] DEBUG - LOADING Survey and subdiv no.
2021-06-28 00:51:44,780 [1] DEBUG - ready: False STATUS: ADD:315
NAME ISSUE :123

2021-06-28 00:58:29,202 [1] DEBUG - =================Monday, 28 June 2021 00:58:29========================
2021-06-28 00:58:29,224 [1] DEBUG - STARTED....
2021-06-28 00:58:34,565 [1] DEBUG - 27-Ramanathapuram
2021-06-28 00:58:39,460 [1] DEBUG - 11-RAMANATHAPURAM
2021-06-28 00:58:41,725 [1] DEBUG - 22-ACHUNTHANVAYAL
2021-06-28 00:58:53,121 [1] DEBUG - READ DATA FROM PDF FILE - F:\AUTO-ADANGAL\Achunthavayal\Chitta_Report-1.pdf
2021-06-28 00:58:58,495 [1] DEBUG - READED DATA FROM EXISTING JSON FILE
2021-06-28 00:59:05,572 [1] DEBUG - LOADING Survey and subdiv no.
2021-06-28 00:59:08,653 [1] DEBUG - GETTING LAND COUNT
2021-06-28 00:59:08,716 [1] DEBUG - LOADING Survey and subdiv no.
2021-06-28 00:59:08,786 [1] DEBUG - ready: False STATUS: ADD:315
NAME ISSUE :110

2021-06-28 01:01:27,007 [1] DEBUG - =================Monday, 28 June 2021 01:01:27========================
2021-06-28 01:01:27,039 [1] DEBUG - STARTED....
2021-06-28 01:01:32,117 [1] DEBUG - 27-Ramanathapuram
2021-06-28 01:01:36,732 [1] DEBUG - 11-RAMANATHAPURAM
2021-06-28 01:01:38,667 [1] DEBUG - 22-ACHUNTHANVAYAL
2021-06-28 01:01:48,237 [1] DEBUG - READ DATA FROM PDF FILE - F:\AUTO-ADANGAL\Achunthavayal\Chitta_Report-1.pdf
2021-06-28 01:01:53,224 [1] DEBUG - READED DATA FROM EXISTING JSON FILE
2021-06-28 01:02:00,363 [1] DEBUG - LOADING Survey and subdiv no.
2021-06-28 01:06:53,833 [1] DEBUG - =================Monday, 28 June 2021 01:06:53========================
2021-06-28 01:06:53,864 [1] DEBUG - STARTED....
2021-06-28 01:06:59,344 [1] DEBUG - 27-Ramanathapuram
2021-06-28 01:07:04,928 [1] DEBUG - 11-RAMANATHAPURAM
2021-06-28 01:07:07,322 [1] DEBUG - 22-ACHUNTHANVAYAL
2021-06-28 01:07:17,654 [1] DEBUG - READ DATA FROM PDF FILE - F:\AUTO-ADANGAL\Achunthavayal\Chitta_Report-1.pdf
2021-06-28 01:07:23,091 [1] DEBUG - READED DATA FROM EXISTING JSON FILE
2021-06-28 01:07:30,250 [1] DEBUG - LOADING Survey and subdiv no.
2021-06-28 01:07:35,652 [1] DEBUG - GETTING LAND COUNT
2021-06-28 01:07:35,777 [1] DEBUG - LOADING Survey and subdiv no.
2021-06-28 01:07:35,895 [1] DEBUG - ready: False STATUS: ADD:315
NAME ISSUE :110

2021-06-28 01:27:53,673 [1] DEBUG - =================Monday, 28 June 2021 01:27:53========================
2021-06-28 01:27:53,709 [1] DEBUG - STARTED....
2021-06-28 01:27:58,103 [1] DEBUG - 27-Ramanathapuram
2021-06-28 01:28:04,431 [1] DEBUG - 11-RAMANATHAPURAM
2021-06-28 01:28:06,528 [1] DEBUG - 22-ACHUNTHANVAYAL
2021-06-28 01:28:22,533 [1] DEBUG - READ DATA FROM PDF FILE - F:\AUTO-ADANGAL\Achunthavayal\Chitta_Report-1.pdf
2021-06-28 01:28:32,376 [1] DEBUG - READED DATA FROM EXISTING JSON FILE
2021-06-28 01:28:40,675 [1] DEBUG - LOADING Survey and subdiv no.
2021-06-28 01:28:43,222 [1] DEBUG - GETTING LAND COUNT
2021-06-28 01:28:43,315 [1] DEBUG - LOADING Survey and subdiv no.
2021-06-28 01:28:43,490 [1] DEBUG - ready: False STATUS: ADD:315
NAME ISSUE :69

2021-06-28 01:30:44,821 [1] DEBUG - READING DATA FROM CHITTA PDF fILE - F:\AUTO-ADANGAL\Achunthavayal\Chitta_Report-1.pdf
2021-06-28 01:30:44,836 [1] DEBUG - STARTED PATTA NO FROM PDF via CHITTA PDF FILE @ 1:30:44 AM
2021-06-28 01:37:48,376 [1] DEBUG - =================Monday, 28 June 2021 01:37:48========================
2021-06-28 01:37:48,391 [1] DEBUG - STARTED....
2021-06-28 01:38:01,666 [1] DEBUG - 27-Ramanathapuram
2021-06-28 01:38:07,073 [1] DEBUG - 11-RAMANATHAPURAM
2021-06-28 01:38:09,456 [1] DEBUG - 22-ACHUNTHANVAYAL
2021-06-28 01:38:27,626 [1] DEBUG - READING DATA FROM CHITTA PDF fILE - F:\AUTO-ADANGAL\Achunthavayal\Chitta_Report-1.pdf
2021-06-28 01:38:27,642 [1] DEBUG - STARTED PATTA NO FROM PDF via CHITTA PDF FILE @ 1:38:27 AM
2021-06-28 01:38:27,958 [1] DEBUG - READING DATA FROM CHITTA PDF fILE - F:\AUTO-ADANGAL\Achunthavayal\Chitta_Report-1.pdf
2021-06-28 01:38:36,704 [1] DEBUG - STARTED PROCESSING CHITTA PDF FILE @ 1:38:36 AM
2021-06-28 01:38:48,476 [1] DEBUG - COMPLETED PROCESSING CHITTA PDF FILE @ 1:38:48 AM
2021-06-28 01:38:48,587 [1] DEBUG - STARTED PROCESSING AREG PDF FILE @ 1:38:48 AM
2021-06-28 01:38:50,610 [1] DEBUG - COMPLETED PROCESSING AREG PDF FILE @ 1:38:50 AM
2021-06-28 01:38:50,750 [1] DEBUG - STARTED FULL REPORT
2021-06-28 01:39:26,317 [1] DEBUG - COMPLETED FULL REPORT
2021-06-28 01:39:26,317 [1] DEBUG - LOADING Survey and subdiv no.
2021-06-28 01:39:30,115 [1] DEBUG - GETTING LAND COUNT
2021-06-28 01:39:30,162 [1] DEBUG - LOADING Survey and subdiv no.
2021-06-28 01:39:30,261 [1] DEBUG - ready: False STATUS: ADD:315
DELETE:87
NAME ISSUE :155

2021-06-28 01:39:43,881 [1] DEBUG - set delete flag to 87 land
2021-06-28 01:39:45,787 [1] DEBUG - GETTING LAND COUNT
2021-06-28 01:39:45,850 [1] DEBUG - LOADING Survey and subdiv no.
2021-06-28 01:39:45,932 [1] DEBUG - ready: False STATUS: ADD:315
NAME ISSUE :154

2021-06-28 01:47:40,970 [1] DEBUG - =================Monday, 28 June 2021 01:47:40========================
2021-06-28 01:47:41,001 [1] DEBUG - STARTED....
2021-06-28 01:47:46,541 [1] DEBUG - 27-Ramanathapuram
2021-06-28 01:47:49,600 [1] DEBUG - 11-RAMANATHAPURAM
2021-06-28 01:47:51,385 [1] DEBUG - 22-ACHUNTHANVAYAL
2021-06-28 01:48:04,856 [1] DEBUG - READING DATA FROM CHITTA PDF fILE - F:\AUTO-ADANGAL\Achunthavayal\Chitta_Report-1.pdf
2021-06-28 01:48:04,856 [1] DEBUG - STARTED PATTA NO FROM PDF via CHITTA PDF FILE @ 1:48:04 AM
2021-06-28 01:48:05,106 [1] DEBUG - READING DATA FROM CHITTA PDF fILE - F:\AUTO-ADANGAL\Achunthavayal\Chitta_Report-1.pdf
2021-06-28 01:48:06,517 [1] DEBUG - STARTED PROCESSING CHITTA PDF FILE @ 1:48:06 AM
2021-06-28 01:48:10,459 [1] DEBUG - COMPLETED PROCESSING CHITTA PDF FILE @ 1:48:10 AM
2021-06-28 01:48:10,490 [1] DEBUG - STARTED PROCESSING AREG PDF FILE @ 1:48:10 AM
2021-06-28 01:48:12,225 [1] DEBUG - COMPLETED PROCESSING AREG PDF FILE @ 1:48:12 AM
2021-06-28 01:48:12,412 [1] DEBUG - STARTED FULL REPORT
2021-06-28 01:48:47,244 [1] DEBUG - COMPLETED FULL REPORT
2021-06-28 01:48:47,244 [1] DEBUG - LOADING Survey and subdiv no.
2021-06-28 01:48:47,382 [1] DEBUG - GETTING LAND COUNT
2021-06-28 01:48:47,428 [1] DEBUG - LOADING Survey and subdiv no.
2021-06-28 01:48:47,514 [1] DEBUG - ready: False STATUS: ADD:315
DELETE:87
NAME ISSUE :155

2021-06-28 01:48:47,650 [1] DEBUG - GETTING LAND COUNT
2021-06-28 01:48:47,697 [1] DEBUG - LOADING Survey and subdiv no.
2021-06-28 01:48:47,769 [1] DEBUG - ready: False STATUS: ADD:315
DELETE:87
NAME ISSUE :155

2021-06-28 01:49:00,754 [1] DEBUG - set delete flag to 87 land
2021-06-28 01:49:00,864 [1] DEBUG - GETTING LAND COUNT
2021-06-28 01:49:00,895 [1] DEBUG - LOADING Survey and subdiv no.
2021-06-28 01:49:00,972 [1] DEBUG - ready: False STATUS: ADD:315
NAME ISSUE :154

2021-06-28 13:01:58,712 [1] DEBUG - =================Monday, 28 June 2021 13:01:58========================
2021-06-28 13:01:59,023 [1] DEBUG - STARTED....
2021-06-28 13:05:00,688 [1] DEBUG - 27-Ramanathapuram
2021-06-28 13:05:13,996 [1] DEBUG - 11-RAMANATHAPURAM
2021-06-28 13:05:16,917 [1] DEBUG - 22-ACHUNTHANVAYAL
2021-06-28 13:05:32,706 [1] DEBUG - READ DATA FROM PDF FILE - F:\AUTO-ADANGAL\Achunthavayal\Chitta_Report-1.pdf
2021-06-28 13:05:40,091 [1] DEBUG - READED DATA FROM EXISTING JSON FILE
2021-06-28 13:05:50,733 [1] DEBUG - LOADING Survey and subdiv no.
2021-06-28 13:05:54,647 [1] DEBUG - GETTING LAND COUNT
2021-06-28 13:05:54,777 [1] DEBUG - LOADING Survey and subdiv no.
2021-06-28 13:05:54,848 [1] DEBUG - ready: False STATUS: ADD:315
NAME ISSUE :95

2021-06-28 13:29:42,446 [1] DEBUG - GETTING LAND COUNT
2021-06-28 13:29:42,514 [1] DEBUG - LOADING Survey and subdiv no.
2021-06-28 13:29:42,585 [1] DEBUG - ready: False STATUS: ADD:315
NAME ISSUE :25

2021-06-28 13:37:23,599 [1] DEBUG - GETTING LAND COUNT
2021-06-28 13:37:23,684 [1] DEBUG - LOADING Survey and subdiv no.
2021-06-28 13:37:23,840 [1] DEBUG - ready: False STATUS: ADD:315
NAME ISSUE :4

2021-06-28 13:38:43,368 [1] DEBUG - GETTING LAND COUNT
2021-06-28 13:38:43,459 [1] DEBUG - LOADING Survey and subdiv no.
2021-06-28 13:38:43,659 [1] DEBUG - ready: False STATUS: ADD:315

2021-06-28 13:45:45,665 [1] DEBUG - Added new land 90-16    0.6.82   0.29 (Punsai)38 - ??????????
2021-06-28 13:45:48,521 [1] DEBUG - Added new land 3-2A    0.39.50   1.09 (Maanaavari)38 - ??????????
2021-06-28 13:45:51,260 [1] DEBUG - GETTING LAND COUNT
2021-06-28 13:45:51,326 [1] DEBUG - LOADING Survey and subdiv no.
2021-06-28 13:45:51,394 [1] DEBUG - ready: False STATUS: ADD:313

2021-06-28 13:47:51,833 [1] DEBUG - =================Monday, 28 June 2021 13:47:51========================
2021-06-28 13:47:51,850 [1] DEBUG - STARTED....
2021-06-28 13:49:18,122 [1] DEBUG - =================Monday, 28 June 2021 13:49:18========================
2021-06-28 13:49:18,146 [1] DEBUG - STARTED....
2021-06-28 13:49:26,555 [1] DEBUG - 27-Ramanathapuram
2021-06-28 13:49:30,779 [1] DEBUG - 11-RAMANATHAPURAM
2021-06-28 13:49:49,701 [1] DEBUG - 22-ACHUNTHANVAYAL
2021-06-28 13:50:07,676 [1] DEBUG - READ DATA FROM PDF FILE - F:\AUTO-ADANGAL\Achunthavayal\Chitta_Report-1.pdf
2021-06-28 13:50:12,985 [1] DEBUG - READED DATA FROM EXISTING JSON FILE
2021-06-28 13:50:22,001 [1] DEBUG - LOADING Survey and subdiv no.
2021-06-28 13:50:25,435 [1] DEBUG - GETTING LAND COUNT
2021-06-28 13:50:25,571 [1] DEBUG - LOADING Survey and subdiv no.
2021-06-28 13:50:25,713 [1] DEBUG - ready: False STATUS: ADD:313

2021-06-28 13:50:59,211 [1] DEBUG - Added new land 90-17    0.4.68   0.20 (Punsai)1637 - ?????????
2021-06-28 13:50:59,361 [1] DEBUG - Added new land 3-2B    0.39.50   1.09 (Maanaavari)1637 - ?????????
2021-06-28 13:51:01,737 [1] DEBUG - GETTING LAND COUNT
2021-06-28 13:51:01,797 [1] DEBUG - LOADING Survey and subdiv no.
2021-06-28 13:51:01,876 [1] DEBUG - ready: False STATUS: ADD:311

2021-06-28 13:52:06,574 [1] DEBUG - Added new land 42-2B1    3.17.63   66.70 (Punsai)8 - ?????????
2021-06-28 13:52:08,982 [1] DEBUG - GETTING LAND COUNT
2021-06-28 13:52:09,382 [1] DEBUG - LOADING Survey and subdiv no.
2021-06-28 13:52:09,470 [1] DEBUG - ready: False STATUS: ADD:310

2021-06-28 13:53:07,450 [1] DEBUG - Added new land 42-2B2    0.40.50   8.51 (Punsai)1521 - 
2021-06-28 13:53:09,011 [1] DEBUG - GETTING LAND COUNT
2021-06-28 13:53:09,112 [1] DEBUG - LOADING Survey and subdiv no.
2021-06-28 13:53:09,218 [1] DEBUG - ready: False STATUS: ADD:309

2021-06-28 13:54:03,469 [1] DEBUG - Added new land 43-1    1.23.45   5.16 (Punsai)1563 - ??????????????
2021-06-28 13:54:05,109 [1] DEBUG - GETTING LAND COUNT
2021-06-28 13:54:05,166 [1] DEBUG - LOADING Survey and subdiv no.
2021-06-28 13:54:05,241 [1] DEBUG - ready: False STATUS: ADD:308

2021-06-28 13:55:04,305 [1] DEBUG - Added new land 43-2    0.68.96   2.88 (Punsai)1086 - 
2021-06-28 13:55:04,411 [1] DEBUG - Added new land 43-3    1.0.09   4.18 (Punsai)1086 - 
2021-06-28 13:55:05,975 [1] DEBUG - GETTING LAND COUNT
2021-06-28 13:55:06,015 [1] DEBUG - LOADING Survey and subdiv no.
2021-06-28 13:55:06,085 [1] DEBUG - ready: False STATUS: ADD:306

2021-06-28 13:56:20,152 [1] DEBUG - Added new land 53-2A1    0.9.50   0.21 (Punsai)1330 - ??????????
2.
2021-06-28 13:56:21,409 [1] DEBUG - GETTING LAND COUNT
2021-06-28 13:56:21,452 [1] DEBUG - LOADING Survey and subdiv no.
2021-06-28 13:56:21,531 [1] DEBUG - ready: False STATUS: ADD:305

2021-06-28 13:57:33,402 [1] DEBUG - Added new land 65-1A1    0.21.32   0.59 (Punsai)1217 - 
2021-06-28 13:57:33,483 [1] DEBUG - Added new land 65-1B1    0.14.44   0.40 (Punsai)1217 - 
2021-06-28 13:57:35,160 [1] DEBUG - GETTING LAND COUNT
2021-06-28 13:57:35,210 [1] DEBUG - LOADING Survey and subdiv no.
2021-06-28 13:57:35,290 [1] DEBUG - ready: False STATUS: ADD:303

2021-06-28 13:59:27,780 [1] DEBUG - Added new land 65-1A2    0.6.68   0.19 (Punsai)1619 - ?????
2021-06-28 13:59:27,861 [1] DEBUG - Added new land 65-1B2    0.13.56   0.38 (Punsai)1619 - ?????
2021-06-28 13:59:29,614 [1] DEBUG - GETTING LAND COUNT
2021-06-28 13:59:29,677 [1] DEBUG - LOADING Survey and subdiv no.
2021-06-28 13:59:29,758 [1] DEBUG - ready: False STATUS: ADD:301

2021-06-28 14:00:17,585 [1] DEBUG - Added new land 66-23A    1.65.57   4.59 (Punsai)294 - ????????
2.
2021-06-28 14:00:19,009 [1] DEBUG - GETTING LAND COUNT
2021-06-28 14:00:19,056 [1] DEBUG - LOADING Survey and subdiv no.
2021-06-28 14:00:19,153 [1] DEBUG - ready: False STATUS: ADD:300

2021-06-28 14:01:10,138 [1] DEBUG - Added new land 66-23B    0.1.11   0.10 (Punsai)1573 - ??????????????
2021-06-28 14:01:12,257 [1] DEBUG - GETTING LAND COUNT
2021-06-28 14:01:12,345 [1] DEBUG - LOADING Survey and subdiv no.
2021-06-28 14:01:12,414 [1] DEBUG - ready: False STATUS: ADD:299

2021-06-28 14:02:05,324 [1] DEBUG - Added new land 66-24    0.1.10   0.03 (Punsai)1460 - ????????
2021-06-28 14:02:07,144 [1] DEBUG - GETTING LAND COUNT
2021-06-28 14:02:07,204 [1] DEBUG - LOADING Survey and subdiv no.
2021-06-28 14:02:07,280 [1] DEBUG - ready: False STATUS: ADD:298

2021-06-28 14:02:48,035 [1] DEBUG - Added new land 68-3B1    0.5.38   0.15 (Punsai)670 - 
2021-06-28 14:02:49,066 [1] DEBUG - GETTING LAND COUNT
2021-06-28 14:02:49,129 [1] DEBUG - LOADING Survey and subdiv no.
2021-06-28 14:02:49,223 [1] DEBUG - ready: False STATUS: ADD:297

2021-06-28 14:03:45,657 [1] DEBUG - Added new land 68-3B2    0.1.12   0.10 (Punsai)1602 - ??????????
2021-06-28 14:06:44,530 [1] DEBUG - Added new land 68-3B2    0.1.12   0.10 (Punsai)1602 - ??????????
2021-06-28 14:06:47,230 [1] DEBUG - GETTING LAND COUNT
2021-06-28 14:06:47,305 [1] DEBUG - LOADING Survey and subdiv no.
2021-06-28 14:06:47,386 [1] DEBUG - ready: False STATUS: ADD:296

2021-06-28 14:07:49,561 [1] DEBUG - Added new land 68-7A1B    0.1.11   0.10 (Punsai)1514 - ??????
2021-06-28 14:07:51,043 [1] DEBUG - GETTING LAND COUNT
2021-06-28 14:07:51,092 [1] DEBUG - LOADING Survey and subdiv no.
2021-06-28 14:07:51,169 [1] DEBUG - ready: False STATUS: ADD:295

2021-06-28 14:08:51,588 [1] DEBUG - Added new land 68-7A1C    0.1.11   0.10 (Punsai)1515 - ?????????
2021-06-28 14:08:52,926 [1] DEBUG - GETTING LAND COUNT
2021-06-28 14:08:52,980 [1] DEBUG - LOADING Survey and subdiv no.
2021-06-28 14:08:53,051 [1] DEBUG - ready: False STATUS: ADD:294

2021-06-28 14:13:34,369 [1] DEBUG - Added new land 68-7A1D    0.1.11   0.10 (Punsai)1516 - ??????
2021-06-28 14:13:41,114 [1] DEBUG - GETTING LAND COUNT
2021-06-28 14:13:41,159 [1] DEBUG - LOADING Survey and subdiv no.
2021-06-28 14:13:41,227 [1] DEBUG - ready: False STATUS: ADD:293

2021-06-28 14:17:54,293 [1] DEBUG - Added new land 68-18    0.61.56   1.71 (Punsai)438 - ?????????
2021-06-28 14:17:55,443 [1] DEBUG - GETTING LAND COUNT
2021-06-28 14:17:55,511 [1] DEBUG - LOADING Survey and subdiv no.
2021-06-28 14:17:55,586 [1] DEBUG - ready: False STATUS: ADD:292

2021-06-28 14:20:01,961 [1] DEBUG - Added new land 68-19    0.1.11   0.10 (Punsai)1706 - 
2021-06-28 14:20:06,380 [1] DEBUG - GETTING LAND COUNT
2021-06-28 14:20:06,449 [1] DEBUG - LOADING Survey and subdiv no.
2021-06-28 14:20:06,519 [1] DEBUG - ready: False STATUS: ADD:291

2021-06-28 14:20:06,733 [1] DEBUG - Error @ btnAddNewSurvey_Click
2021-06-28 14:23:53,458 [1] DEBUG - Added new land 75-62A1A    0.26.57   1.11 (Punsai)276 - ?????????
2021-06-28 14:23:55,254 [1] DEBUG - GETTING LAND COUNT
2021-06-28 14:23:55,313 [1] DEBUG - LOADING Survey and subdiv no.
2021-06-28 14:23:55,386 [1] DEBUG - ready: False STATUS: ADD:290

2021-06-28 14:27:54,520 [1] DEBUG - Added new land 75-62A1B    0.1.52   0.06 (Punsai)1564 - ???????????
2021-06-28 14:27:57,223 [1] DEBUG - GETTING LAND COUNT
2021-06-28 14:27:57,279 [1] DEBUG - LOADING Survey and subdiv no.
2021-06-28 14:27:57,348 [1] DEBUG - ready: False STATUS: ADD:289

2021-06-28 14:29:52,511 [1] DEBUG - Added new land 75-62A2    0.2.02   0.08 (Punsai)1491 - ???????????
2021-06-28 14:29:54,028 [1] DEBUG - GETTING LAND COUNT
2021-06-28 14:29:54,080 [1] DEBUG - LOADING Survey and subdiv no.
2021-06-28 14:29:54,151 [1] DEBUG - ready: False STATUS: ADD:288

2021-06-28 14:32:25,386 [1] DEBUG - Added new land 76-133A1B    0.1.04   0.04 (Punsai)1507 - ???????????
2021-06-28 14:32:26,087 [1] DEBUG - GETTING LAND COUNT
2021-06-28 14:32:26,150 [1] DEBUG - LOADING Survey and subdiv no.
2021-06-28 14:32:26,248 [1] DEBUG - ready: False STATUS: ADD:287

2021-06-28 14:35:36,501 [1] DEBUG - Added new land 76-133A2    0.1.06   0.04 (Punsai)1499 - ????????????
2021-06-28 14:35:38,728 [1] DEBUG - GETTING LAND COUNT
2021-06-28 14:35:38,786 [1] DEBUG - LOADING Survey and subdiv no.
2021-06-28 14:35:38,862 [1] DEBUG - ready: False STATUS: ADD:286

2021-06-28 14:37:13,673 [1] DEBUG - GETTING LAND COUNT
2021-06-28 14:37:13,753 [1] DEBUG - LOADING Survey and subdiv no.
2021-06-28 14:37:13,826 [1] DEBUG - ready: False STATUS: ADD:286

2021-06-28 14:38:51,396 [1] DEBUG - GETTING LAND COUNT
2021-06-28 14:38:51,462 [1] DEBUG - LOADING Survey and subdiv no.
2021-06-28 14:38:51,531 [1] DEBUG - ready: False STATUS: ADD:286

2021-06-28 14:39:23,471 [1] DEBUG - GETTING LAND COUNT
2021-06-28 14:39:23,527 [1] DEBUG - LOADING Survey and subdiv no.
2021-06-28 14:39:23,600 [1] DEBUG - ready: False STATUS: ADD:286

2021-06-28 14:39:30,632 [1] DEBUG - GETTING LAND COUNT
2021-06-28 14:39:30,704 [1] DEBUG - LOADING Survey and subdiv no.
2021-06-28 14:39:30,777 [1] DEBUG - ready: False STATUS: ADD:286

2021-06-28 14:39:32,558 [1] DEBUG - GETTING LAND COUNT
2021-06-28 14:39:32,599 [1] DEBUG - LOADING Survey and subdiv no.
2021-06-28 14:39:32,671 [1] DEBUG - ready: False STATUS: ADD:286

2021-06-28 14:39:32,878 [1] DEBUG - GETTING LAND COUNT
2021-06-28 14:39:32,947 [1] DEBUG - LOADING Survey and subdiv no.
2021-06-28 14:39:33,021 [1] DEBUG - ready: False STATUS: ADD:286

2021-06-28 14:41:26,235 [1] DEBUG - Added new land 76-133A3    0.1.00   0.04 (Punsai)1545 - ???????
2021-06-28 14:41:28,006 [1] DEBUG - GETTING LAND COUNT
2021-06-28 14:41:28,067 [1] DEBUG - LOADING Survey and subdiv no.
2021-06-28 14:41:28,139 [1] DEBUG - ready: False STATUS: ADD:285

2021-06-28 14:43:35,569 [1] DEBUG - Added new land 76-133A4    0.1.01   0.04 (Punsai)1501 - ??????????
2021-06-28 14:43:37,528 [1] DEBUG - GETTING LAND COUNT
2021-06-28 14:43:37,592 [1] DEBUG - LOADING Survey and subdiv no.
2021-06-28 14:43:37,679 [1] DEBUG - ready: False STATUS: ADD:284

2021-06-28 14:45:49,628 [1] DEBUG - Added new land 76-133B    0.1.01   0.10 (Punsai)1493 - ?????????
2021-06-28 14:45:52,120 [1] DEBUG - GETTING LAND COUNT
2021-06-28 14:45:52,180 [1] DEBUG - LOADING Survey and subdiv no.
2021-06-28 14:45:52,259 [1] DEBUG - ready: False STATUS: ADD:283

2021-06-28 14:47:50,820 [1] DEBUG - Added new land 76-133C    0.2.01   0.10 (Punsai)1494 - ????????
2021-06-28 14:47:52,435 [1] DEBUG - GETTING LAND COUNT
2021-06-28 14:47:52,492 [1] DEBUG - LOADING Survey and subdiv no.
2021-06-28 14:47:52,565 [1] DEBUG - ready: False STATUS: ADD:282

2021-06-28 14:49:21,804 [1] DEBUG - Added new land 76-133D    0.1.01   0.10 (Punsai)1495 - ????????
2021-06-28 14:49:22,072 [1] DEBUG - GETTING LAND COUNT
2021-06-28 14:49:22,136 [1] DEBUG - LOADING Survey and subdiv no.
2021-06-28 14:49:22,207 [1] DEBUG - ready: False STATUS: ADD:281

2021-06-28 14:49:23,236 [1] DEBUG - Error @ btnAddNewSurvey_Click
2021-06-28 14:51:11,517 [1] DEBUG - Added new land 76-134    0.1.01   0.10 (Punsai)1455 - ????????????
2021-06-28 14:51:12,552 [1] DEBUG - GETTING LAND COUNT
2021-06-28 14:51:12,604 [1] DEBUG - LOADING Survey and subdiv no.
2021-06-28 14:51:12,680 [1] DEBUG - ready: False STATUS: ADD:280

2021-06-28 14:52:33,224 [1] DEBUG - Added new land 76-135    0.1.01   0.10 (Punsai)1456 - ????????
2021-06-28 14:52:34,282 [1] DEBUG - GETTING LAND COUNT
2021-06-28 14:52:34,341 [1] DEBUG - LOADING Survey and subdiv no.
2021-06-28 14:52:34,432 [1] DEBUG - ready: False STATUS: ADD:279

2021-06-28 14:54:13,521 [1] DEBUG - Added new land 76-136A2    0.1.00   0.10 (Punsai)1523 - ??????????
2021-06-28 14:54:15,121 [1] DEBUG - GETTING LAND COUNT
2021-06-28 14:54:15,188 [1] DEBUG - LOADING Survey and subdiv no.
2021-06-28 14:54:15,264 [1] DEBUG - ready: False STATUS: ADD:278

2021-06-28 14:57:44,651 [1] DEBUG - Added new land 76-136B    0.1.00   0.10 (Punsai)1519 - ????????????
2021-06-28 14:57:47,830 [1] DEBUG - GETTING LAND COUNT
2021-06-28 14:57:47,871 [1] DEBUG - LOADING Survey and subdiv no.
2021-06-28 14:57:47,940 [1] DEBUG - ready: False STATUS: ADD:277

2021-06-28 14:58:44,821 [1] DEBUG - Added new land 76-137    0.1.06   0.10 (Punsai)1513 - ???????
2021-06-28 14:58:46,530 [1] DEBUG - GETTING LAND COUNT
2021-06-28 14:58:46,598 [1] DEBUG - LOADING Survey and subdiv no.
2021-06-28 14:58:46,668 [1] DEBUG - ready: False STATUS: ADD:276

